[2023-11-13T05:42:39.050Z] : [success]: Robot saved successfully

[2023-11-13T05:44:16.243Z] : [error]: rfc is not defined

[2023-11-13T05:44:16.874Z] : [info]: Total execution time: 22s 725ms

[2023-11-13T05:44:16.875Z] : [info]: ---------------------------------------------

[2023-11-13T05:44:36.289Z] : [success]: Robot saved successfully

[2023-11-13T05:45:30.119Z] : [error]: rfc is not defined

[2023-11-13T05:45:30.780Z] : [info]: Total execution time: 25s 322ms

[2023-11-13T05:45:30.781Z] : [info]: ---------------------------------------------

[2023-11-13T05:46:34.390Z] : [success]: Robot saved successfully

[2023-11-13T05:49:57.872Z] : [success]: Robot saved successfully

[2023-11-13T05:57:51.331Z] : [warn]: You opened a file that contained UI elements to interact with. But Studio Pro can't find the elements. This happens because the .neek file can't find the .elm file associated with the workflow. Please, put the .elm file to the corresponding elements folder in the same folder where the workflow is placed or select the elements manually again. Reopen the workflow


  ==========================================
  Studio Pro version: 9.6.8
  Started at: 11/12/2023, 11:57:51 PM
  ==========================================
  

[2023-11-13T06:02:48.921Z] : [warn]: You opened a file that contained UI elements to interact with. But Studio Pro can't find the elements. This happens because the .neek file can't find the .elm file associated with the workflow. Please, put the .elm file to the corresponding elements folder in the same folder where the workflow is placed or select the elements manually again. Reopen the workflow


  ==========================================
  Studio Pro version: 9.6.8
  Started at: 11/13/2023, 12:02:49 AM
  ==========================================
  

[2023-11-13T06:03:27.257Z] : [success]: Robot saved successfully

[2023-11-13T06:09:52.873Z] : [error]: rfc is not defined

[2023-11-13T06:09:53.501Z] : [info]: Total execution time: 26s 935ms

[2023-11-13T06:09:53.501Z] : [info]: ---------------------------------------------

[2023-11-13T06:10:08.061Z] : [success]: Robot saved successfully

