
  ==========================================
  Studio Pro version: 9.6.8
  Started at: 11/12/2023, 12:18:46 AM
  ==========================================
  

[2023-11-12T06:18:56.781Z] : [success]: Robot saved successfully

[2023-11-12T06:19:13.405Z] : [success]: Robot saved successfully

[2023-11-12T06:25:35.697Z] : [warn]: You opened a file that contained UI elements to interact with. But Studio Pro can't find the elements. This happens because the .neek file can't find the .elm file associated with the workflow. Please, put the .elm file to the corresponding elements folder in the same folder where the workflow is placed or select the elements manually again. Reopen the workflow


  ==========================================
  Studio Pro version: 9.6.8
  Started at: 11/12/2023, 12:25:35 AM
  ==========================================
  

[2023-11-12T06:26:10.939Z] : [success]: Robot saved successfully

[2023-11-12T06:26:53.837Z] : [success]: Bot started

[2023-11-12T06:26:53.838Z] : [info]: Robot start

[2023-11-12T06:27:04.551Z] : [error]: rfc is not defined

[2023-11-12T06:27:05.010Z] : [info]: Total execution time: 10s 711ms

[2023-11-12T06:27:05.011Z] : [info]: ---------------------------------------------

[2023-11-12T06:27:06.880Z] : [success]: Robot saved successfully

[2023-11-12T06:27:40.704Z] : [error]: rfc is not defined

[2023-11-12T06:27:41.413Z] : [info]: Total execution time: 21s 984ms

[2023-11-12T06:27:41.414Z] : [info]: ---------------------------------------------

[2023-11-12T06:28:28.474Z] : [success]: Robot saved successfully

[2023-11-12T06:28:28.620Z] : [success]: Bot started

[2023-11-12T06:28:28.621Z] : [info]: Robot start

[2023-11-12T06:28:39.773Z] : [error]: rfc is not defined

[2023-11-12T06:28:40.284Z] : [info]: Total execution time: 11s 151ms

[2023-11-12T06:28:40.285Z] : [info]: ---------------------------------------------

[2023-11-12T06:29:11.847Z] : [error]: rfc is not defined

[2023-11-12T06:29:12.470Z] : [info]: Total execution time: 23s 299ms

[2023-11-12T06:29:12.471Z] : [info]: ---------------------------------------------

[2023-11-12T06:29:43.402Z] : [success]: Robot saved successfully

[2023-11-12T06:29:48.397Z] : [success]: Bot started

[2023-11-12T06:29:48.398Z] : [info]: Robot start

[2023-11-12T06:29:59.212Z] : [error]: rfc is not defined

[2023-11-12T06:29:59.869Z] : [info]: Total execution time: 10s 814ms

[2023-11-12T06:29:59.870Z] : [info]: ---------------------------------------------

[2023-11-12T06:30:30.919Z] : [error]: rfc is not defined

[2023-11-12T06:30:31.516Z] : [info]: Total execution time: 23s 354ms

[2023-11-12T06:30:31.517Z] : [info]: ---------------------------------------------

[2023-11-12T06:31:18.705Z] : [success]: Robot saved successfully

[2023-11-12T06:31:18.876Z] : [success]: Bot started

[2023-11-12T06:31:18.876Z] : [info]: Robot start

[2023-11-12T06:31:29.965Z] : [error]: rfc is not defined

[2023-11-12T06:31:30.473Z] : [info]: Total execution time: 11s 89ms

[2023-11-12T06:31:30.474Z] : [info]: ---------------------------------------------

[2023-11-12T06:33:53.718Z] : [error]: rfc is not defined

[2023-11-12T06:33:54.553Z] : [info]: Total execution time: 22s 982ms

[2023-11-12T06:33:54.555Z] : [info]: ---------------------------------------------

[2023-11-12T06:34:00.041Z] : [warn]: There is a small amount of free memory (RAM) left, 90.02% of RAM is being used (7149 MBs). The performance of Studio Pro and bots during execution may be unstable. Close applications that are not being used, increase the memory, or optimize the workflow.

[2023-11-12T06:35:00.043Z] : [warn]: There is a small amount of free memory (RAM) left, 92.86% of RAM is being used (7375 MBs). The performance of Studio Pro and bots during execution may be unstable. Close applications that are not being used, increase the memory, or optimize the workflow.

[2023-11-12T06:35:11.403Z] : [success]: Robot saved successfully

[2023-11-12T06:35:11.560Z] : [success]: Bot started

[2023-11-12T06:35:11.560Z] : [info]: Robot start

[2023-11-12T06:35:37.179Z] : [error]: No elements were found according to your selection. It may happen because of a wrong selector or because the element takes more time to appear on the screen. Try modifying the selector or increasing the element timeout and run the bot again

[2023-11-12T06:35:37.489Z] : [info]: Total execution time: 25s 618ms

[2023-11-12T06:35:37.490Z] : [info]: ---------------------------------------------

[2023-11-12T06:36:12.569Z] : [error]: rfc is not defined

[2023-11-12T06:36:13.368Z] : [info]: Total execution time: 25s 36ms

[2023-11-12T06:36:13.370Z] : [info]: ---------------------------------------------

[2023-11-12T06:37:08.872Z] : [success]: Robot saved successfully

[2023-11-12T06:37:09.087Z] : [success]: Bot started

[2023-11-12T06:37:09.088Z] : [info]: Robot start

[2023-11-12T06:37:18.919Z] : [error]: Script Stopped.

[2023-11-12T06:37:19.447Z] : [info]: Total execution time: 9s 831ms

[2023-11-12T06:37:19.449Z] : [info]: ---------------------------------------------

[2023-11-12T06:38:03.455Z] : [error]: rfc is not defined

[2023-11-12T06:38:04.319Z] : [info]: Total execution time: 33s 410ms

[2023-11-12T06:38:04.320Z] : [info]: ---------------------------------------------

[2023-11-12T06:40:18.894Z] : [success]: Robot saved successfully

[2023-11-12T06:40:29.633Z] : [success]: Robot saved successfully

[2023-11-12T06:41:01.814Z] : [success]: Robot saved successfully

[2023-11-12T06:42:05.115Z] : [error]: rfc is not defined

[2023-11-12T06:42:05.801Z] : [info]: Total execution time: 22s 431ms

[2023-11-12T06:42:05.802Z] : [info]: ---------------------------------------------

[2023-11-12T06:44:03.625Z] : [success]: Robot saved successfully

[2023-11-12T06:45:51.785Z] : [success]: Robot saved successfully

[2023-11-12T06:46:24.889Z] : [success]: Robot saved successfully

[2023-11-12T06:47:09.501Z] : [error]: Selectors: Selector is empty

[2023-11-12T06:47:10.119Z] : [info]: Total execution time: 27s 312ms

[2023-11-12T06:47:10.120Z] : [info]: ---------------------------------------------

[2023-11-12T06:47:58.886Z] : [error]: Selectors: Selector is empty

[2023-11-12T06:47:59.518Z] : [info]: Total execution time: 25s 465ms

[2023-11-12T06:47:59.519Z] : [info]: ---------------------------------------------

[2023-11-12T06:49:03.128Z] : [error]: Selectors: Selector is empty

[2023-11-12T06:49:03.602Z] : [info]: Total execution time: 27s 976ms

[2023-11-12T06:49:03.604Z] : [info]: ---------------------------------------------

[2023-11-12T07:08:03.004Z] : [error]: No elements were found according to your selection. It may happen because of a wrong selector or because the element takes more time to appear on the screen. Try modifying the selector or increasing the element timeout and run the bot again

[2023-11-12T07:08:03.755Z] : [info]: Total execution time: 44s 436ms

[2023-11-12T07:08:03.756Z] : [info]: ---------------------------------------------

[2023-11-12T07:08:16.576Z] : [success]: Robot saved successfully

[2023-11-12T07:16:14.250Z] : [error]: No elements were found according to your selection. It may happen because of a wrong selector or because the element takes more time to appear on the screen. Try modifying the selector or increasing the element timeout and run the bot again

[2023-11-12T07:16:15.001Z] : [info]: Total execution time: 54s 10ms

[2023-11-12T07:16:15.002Z] : [info]: ---------------------------------------------

[2023-11-12T07:18:21.120Z] : [success]: Robot saved successfully

[2023-11-12T07:20:29.223Z] : [error]: No elements were found according to your selection. It may happen because of a wrong selector or because the element takes more time to appear on the screen. Try modifying the selector or increasing the element timeout and run the bot again

[2023-11-12T07:20:29.764Z] : [info]: Total execution time: 52s 1ms

[2023-11-12T07:20:29.765Z] : [info]: ---------------------------------------------

[2023-11-12T07:21:11.514Z] : [success]: Robot saved successfully

[2023-11-12T07:21:19.115Z] : [success]: Connection to our licenses server is restored

[2023-11-12T07:21:19.359Z] : [success]: Bot started

[2023-11-12T07:21:19.361Z] : [info]: Robot start

[2023-11-12T07:21:21.552Z] : [error]: rfc is not defined

[2023-11-12T07:21:22.146Z] : [info]: Total execution time: 2s 191ms

[2023-11-12T07:21:22.147Z] : [info]: ---------------------------------------------

[2023-11-12T07:22:10.436Z] : [error]: Script Stopped.

[2023-11-12T07:22:11.429Z] : [info]: Total execution time: 34s 443ms

[2023-11-12T07:22:11.430Z] : [info]: ---------------------------------------------

[2023-11-12T07:23:19.129Z] : [success]: Robot saved successfully

[2023-11-12T07:24:55.380Z] : [success]: Robot saved successfully

[2023-11-12T07:24:55.729Z] : [success]: Bot started

[2023-11-12T07:24:55.729Z] : [info]: Robot start

[2023-11-12T07:24:57.366Z] : [error]: rfc is not defined

[2023-11-12T07:24:57.897Z] : [info]: Total execution time: 1s 636ms

[2023-11-12T07:24:57.897Z] : [info]: ---------------------------------------------

[2023-11-12T07:28:32.327Z] : [success]: Robot saved successfully

[2023-11-12T07:31:28.314Z] : [success]: Robot saved successfully

[2023-11-12T07:31:28.564Z] : [success]: Bot started

[2023-11-12T07:31:28.565Z] : [info]: Robot start

[2023-11-12T07:31:30.864Z] : [error]: rfc is not defined

[2023-11-12T07:31:31.317Z] : [info]: Total execution time: 2s 299ms

[2023-11-12T07:31:31.318Z] : [info]: ---------------------------------------------

[2023-11-12T07:40:04.933Z] : [error]: No elements were found according to your selection. It may happen because of a wrong selector or because the element takes more time to appear on the screen. Try modifying the selector or increasing the element timeout and run the bot again

[2023-11-12T07:40:05.674Z] : [info]: Total execution time: 48s 78ms

[2023-11-12T07:40:05.675Z] : [info]: ---------------------------------------------

[2023-11-12T07:40:08.486Z] : [success]: Robot saved successfully

[2023-11-12T07:40:21.463Z] : [success]: Bot started

[2023-11-12T07:40:21.464Z] : [info]: Robot start

[2023-11-12T07:40:23.597Z] : [error]: rfc is not defined

[2023-11-12T07:40:24.023Z] : [info]: Total execution time: 2s 133ms

[2023-11-12T07:40:24.023Z] : [info]: ---------------------------------------------

[2023-11-12T07:41:40.632Z] : [error]: No elements were found according to your selection. It may happen because of a wrong selector or because the element takes more time to appear on the screen. Try modifying the selector or increasing the element timeout and run the bot again

[2023-11-12T07:41:41.351Z] : [info]: Total execution time: 57s 221ms

[2023-11-12T07:41:41.352Z] : [info]: ---------------------------------------------

[2023-11-12T07:43:09.922Z] : [success]: Robot saved successfully

[2023-11-12T07:43:15.277Z] : [success]: Robot saved successfully

[2023-11-12T07:43:21.708Z] : [success]: Bot started

[2023-11-12T07:43:21.708Z] : [info]: Robot start

[2023-11-12T07:43:23.828Z] : [error]: rfc is not defined

[2023-11-12T07:43:24.229Z] : [info]: Total execution time: 2s 118ms

[2023-11-12T07:43:24.230Z] : [info]: ---------------------------------------------

[2023-11-12T08:05:56.339Z] : [error]: Script Stopped.

[2023-11-12T08:05:57.011Z] : [info]: Total execution time: 31s 810ms

[2023-11-12T08:05:57.012Z] : [info]: ---------------------------------------------

