[2023-11-10T19:29:40.192Z] : [warn]: You opened a file that contained UI elements to interact with. But Studio Pro can't find the elements. This happens because the .neek file can't find the .elm file associated with the workflow. Please, put the .elm file to the corresponding elements folder in the same folder where the workflow is placed or select the elements manually again. Reopen the workflow


  ==========================================
  Studio Pro version: 9.6.8
  Started at: 11/10/2023, 1:29:40 PM
  ==========================================
  

[2023-11-10T19:35:27.492Z] : [success]: Robot saved successfully

[2023-11-10T19:39:42.167Z] : [success]: Robot saved successfully

[2023-11-10T19:39:48.616Z] : [success]: Bot started

[2023-11-10T19:39:48.617Z] : [info]: Robot start

[2023-11-10T19:40:08.669Z] : [error]: No elements were found according to your selection. It may happen because of a wrong selector or because the element takes more time to appear on the screen. Try modifying the selector or increasing the element timeout and run the bot again

[2023-11-10T19:40:09.263Z] : [info]: Total execution time: 20s 51ms

[2023-11-10T19:40:09.264Z] : [info]: ---------------------------------------------

[2023-11-10T19:40:32.264Z] : [success]: Robot saved successfully

[2023-11-10T19:40:32.531Z] : [success]: Bot started

[2023-11-10T19:40:32.532Z] : [info]: Robot start

[2023-11-10T19:40:53.216Z] : [error]: No elements were found according to your selection. It may happen because of a wrong selector or because the element takes more time to appear on the screen. Try modifying the selector or increasing the element timeout and run the bot again

[2023-11-10T19:40:53.765Z] : [info]: Total execution time: 20s 683ms

[2023-11-10T19:40:53.766Z] : [info]: ---------------------------------------------

[2023-11-10T19:41:07.271Z] : [success]: Robot saved successfully

[2023-11-10T19:41:07.651Z] : [success]: Bot started

[2023-11-10T19:41:07.652Z] : [info]: Robot start

[2023-11-10T19:41:26.316Z] : [info]: Selectors: {"count":0,"treeCounts":[0,0,0,0,0,0,0,0,0,0,0,0,0,0],"severalFound":false,"noneFound":true,"element":null}


[2023-11-10T19:41:27.120Z] : [success]: Bot finished successfully, total execution time: 19s 466ms

[2023-11-10T19:41:27.121Z] : [info]: ---------------------------------------------

[2023-11-10T19:42:15.061Z] : [success]: Robot saved successfully

[2023-11-10T19:46:47.678Z] : [warn]: There is a small amount of free memory (RAM) left, 91.02% of RAM is being used (7229 MBs). The performance of Studio Pro and bots during execution may be unstable. Close applications that are not being used, increase the memory, or optimize the workflow.

[2023-11-10T19:48:17.664Z] : [warn]: There is a small amount of free memory (RAM) left, 90.57% of RAM is being used (7193 MBs). The performance of Studio Pro and bots during execution may be unstable. Close applications that are not being used, increase the memory, or optimize the workflow.

[2023-11-10T19:52:14.427Z] : [success]: Robot saved successfully

[2023-11-10T19:52:14.800Z] : [success]: Bot started

[2023-11-10T19:52:14.801Z] : [info]: Robot start

[2023-11-10T19:52:35.917Z] : [error]: No elements were found according to your selection. It may happen because of a wrong selector or because the element takes more time to appear on the screen. Try modifying the selector or increasing the element timeout and run the bot again

[2023-11-10T19:52:36.336Z] : [info]: Total execution time: 21s 116ms

[2023-11-10T19:52:36.337Z] : [info]: ---------------------------------------------

[2023-11-10T19:54:43.157Z] : [success]: Robot saved successfully

[2023-11-10T19:54:53.341Z] : [success]: Bot started

[2023-11-10T19:54:53.342Z] : [info]: Robot start

[2023-11-10T19:54:58.812Z] : [error]: Terminal: The type initializer for 'ElectroneekWinAgent.SelectorsApi.Controllers.TerminalController' threw an exception.

[2023-11-10T19:54:59.171Z] : [info]: Total execution time: 5s 469ms

[2023-11-10T19:54:59.172Z] : [info]: ---------------------------------------------

[2023-11-10T19:55:08.022Z] : [error]: ActiveCellParamsSnapshotsController:blockDetailsUnfocused: element is required

[2023-11-10T19:55:19.902Z] : [success]: Robot saved successfully

[2023-11-10T19:55:20.228Z] : [success]: Bot started

[2023-11-10T19:55:20.228Z] : [info]: Robot start

[2023-11-10T19:55:26.042Z] : [info]: Terminal: The type initializer for 'ElectroneekWinAgent.SelectorsApi.Controllers.TerminalController' threw an exception.

[2023-11-10T19:55:26.612Z] : [success]: Bot finished successfully, total execution time: 6s 382ms

[2023-11-10T19:55:26.613Z] : [info]: ---------------------------------------------

[2023-11-10T19:57:09.848Z] : [success]: Robot saved successfully

[2023-11-10T19:57:16.875Z] : [success]: Bot started

[2023-11-10T19:57:16.876Z] : [info]: Robot start

[2023-11-10T19:57:20.757Z] : [info]: Terminal: The type initializer for 'ElectroneekWinAgent.SelectorsApi.Controllers.TerminalController' threw an exception.

[2023-11-10T19:57:21.044Z] : [success]: Bot finished successfully, total execution time: 4s 166ms

[2023-11-10T19:57:21.045Z] : [info]: ---------------------------------------------

[2023-11-10T19:57:47.659Z] : [warn]: There is a small amount of free memory (RAM) left, 90.43% of RAM is being used (7182 MBs). The performance of Studio Pro and bots during execution may be unstable. Close applications that are not being used, increase the memory, or optimize the workflow.

[2023-11-10T19:59:45.159Z] : [success]: Robot saved successfully

[2023-11-10T19:59:51.351Z] : [success]: Bot started

[2023-11-10T19:59:51.351Z] : [info]: Robot start

[2023-11-10T19:59:57.819Z] : [success]: Bot finished successfully, total execution time: 6s 465ms

[2023-11-10T19:59:57.820Z] : [info]: ---------------------------------------------

[2023-11-10T20:02:44.835Z] : [success]: Robot saved successfully

[2023-11-10T20:02:59.327Z] : [success]: Bot started

[2023-11-10T20:02:59.328Z] : [info]: Robot start

[2023-11-10T20:03:09.145Z] : [success]: Bot finished successfully, total execution time: 9s 815ms

[2023-11-10T20:03:09.146Z] : [info]: ---------------------------------------------

[2023-11-10T20:04:22.666Z] : [success]: Robot saved successfully

[2023-11-10T20:04:23.022Z] : [success]: Bot started

[2023-11-10T20:04:23.023Z] : [info]: Robot start

[2023-11-10T20:04:51.363Z] : [error]: No elements were found according to your selection. It may happen because of a wrong selector or because the element takes more time to appear on the screen. Try modifying the selector or increasing the element timeout and run the bot again

[2023-11-10T20:04:51.872Z] : [info]: Total execution time: 28s 340ms

[2023-11-10T20:04:51.874Z] : [info]: ---------------------------------------------

[2023-11-10T20:08:51.050Z] : [success]: Robot saved successfully

[2023-11-10T20:08:51.351Z] : [success]: Bot started

[2023-11-10T20:08:51.352Z] : [info]: Robot start

[2023-11-10T20:09:20.392Z] : [error]: No elements were found according to your selection. It may happen because of a wrong selector or because the element takes more time to appear on the screen. Try modifying the selector or increasing the element timeout and run the bot again

[2023-11-10T20:09:20.972Z] : [info]: Total execution time: 29s 40ms

[2023-11-10T20:09:20.973Z] : [info]: ---------------------------------------------

[2023-11-10T20:10:34.590Z] : [success]: Robot saved successfully

[2023-11-10T20:10:34.962Z] : [success]: Bot started

[2023-11-10T20:10:34.962Z] : [info]: Robot start

[2023-11-10T20:10:46.332Z] : [info]: Selectors: Nothing found

[2023-11-10T20:10:47.070Z] : [success]: Bot finished successfully, total execution time: 12s 103ms

[2023-11-10T20:10:47.071Z] : [info]: ---------------------------------------------

[2023-11-10T20:11:17.077Z] : [success]: Robot saved successfully

[2023-11-10T20:11:17.382Z] : [success]: Bot started

[2023-11-10T20:11:17.383Z] : [info]: Robot start

[2023-11-10T20:11:19.360Z] : [warn]: There is a small amount of free memory (RAM) left, 91.58% of RAM is being used (7273 MBs). The performance of Studio Pro and bots during execution may be unstable. Close applications that are not being used, increase the memory, or optimize the workflow.

[2023-11-10T20:11:28.268Z] : [info]: Selectors: Nothing found

[2023-11-10T20:11:28.399Z] : [success]: Bot finished successfully, total execution time: 11s 13ms

[2023-11-10T20:11:28.400Z] : [info]: ---------------------------------------------

[2023-11-10T20:12:09.211Z] : [success]: Robot saved successfully

[2023-11-10T20:12:09.522Z] : [success]: Bot started

[2023-11-10T20:12:09.523Z] : [info]: Robot start

[2023-11-10T20:12:17.639Z] : [warn]: There is a small amount of free memory (RAM) left, 92.11% of RAM is being used (7315 MBs). The performance of Studio Pro and bots during execution may be unstable. Close applications that are not being used, increase the memory, or optimize the workflow.

[2023-11-10T20:12:20.744Z] : [info]: Selectors: Nothing found

[2023-11-10T20:12:21.517Z] : [success]: Bot finished successfully, total execution time: 11s 991ms

[2023-11-10T20:12:21.518Z] : [info]: ---------------------------------------------

[2023-11-10T20:13:05.122Z] : [success]: Robot saved successfully

[2023-11-10T20:13:11.946Z] : [success]: Bot started

[2023-11-10T20:13:11.947Z] : [info]: Robot start

[2023-11-10T20:13:20.942Z] : [info]: Selectors: Nothing found

[2023-11-10T20:13:21.453Z] : [success]: Bot finished successfully, total execution time: 9s 503ms

[2023-11-10T20:13:21.455Z] : [info]: ---------------------------------------------

[2023-11-10T20:13:35.846Z] : [success]: Robot saved successfully

[2023-11-10T20:13:42.691Z] : [success]: Bot started

[2023-11-10T20:13:42.692Z] : [info]: Robot start

[2023-11-10T20:13:51.765Z] : [info]: Selectors: Nothing found

[2023-11-10T20:13:52.220Z] : [success]: Bot finished successfully, total execution time: 9s 525ms

[2023-11-10T20:13:52.222Z] : [info]: ---------------------------------------------

[2023-11-10T20:14:11.538Z] : [success]: Robot saved successfully

[2023-11-10T20:14:11.840Z] : [success]: Bot started

[2023-11-10T20:14:11.840Z] : [info]: Robot start

[2023-11-10T20:14:22.900Z] : [info]: Selectors: Nothing found

[2023-11-10T20:14:22.974Z] : [success]: Bot finished successfully, total execution time: 11s 130ms

[2023-11-10T20:14:22.975Z] : [info]: ---------------------------------------------

[2023-11-10T20:14:43.095Z] : [success]: Robot saved successfully

[2023-11-10T20:14:43.377Z] : [success]: Bot started

[2023-11-10T20:14:43.377Z] : [info]: Robot start

[2023-11-10T20:14:47.678Z] : [warn]: There is a small amount of free memory (RAM) left, 90.62% of RAM is being used (7197 MBs). The performance of Studio Pro and bots during execution may be unstable. Close applications that are not being used, increase the memory, or optimize the workflow.

[2023-11-10T20:14:54.464Z] : [info]: Selectors: Nothing found

[2023-11-10T20:14:54.563Z] : [success]: Bot finished successfully, total execution time: 11s 182ms

[2023-11-10T20:14:54.565Z] : [info]: ---------------------------------------------

[2023-11-10T20:15:12.534Z] : [success]: Robot saved successfully

[2023-11-10T20:15:12.846Z] : [success]: Bot started

[2023-11-10T20:15:12.847Z] : [info]: Robot start

[2023-11-10T20:15:21.950Z] : [info]: Selectors: Nothing found

[2023-11-10T20:15:22.518Z] : [success]: Bot finished successfully, total execution time: 9s 668ms

[2023-11-10T20:15:22.519Z] : [info]: ---------------------------------------------

[2023-11-10T20:15:46.731Z] : [success]: Robot saved successfully

[2023-11-10T20:15:47.037Z] : [success]: Bot started

[2023-11-10T20:15:47.037Z] : [info]: Robot start

[2023-11-10T20:15:56.062Z] : [info]: Selectors: Nothing found

[2023-11-10T20:15:56.953Z] : [success]: Bot finished successfully, total execution time: 9s 913ms

[2023-11-10T20:15:56.953Z] : [info]: ---------------------------------------------

[2023-11-10T20:21:06.568Z] : [success]: Robot saved successfully

[2023-11-10T20:21:07.099Z] : [success]: Bot started

[2023-11-10T20:21:07.100Z] : [info]: Robot start

[2023-11-10T20:21:17.663Z] : [warn]: There is a small amount of free memory (RAM) left, 90.18% of RAM is being used (7162 MBs). The performance of Studio Pro and bots during execution may be unstable. Close applications that are not being used, increase the memory, or optimize the workflow.

[2023-11-10T20:21:27.512Z] : [success]: Bot finished successfully, total execution time: 20s 410ms

[2023-11-10T20:21:27.514Z] : [info]: ---------------------------------------------

[2023-11-10T20:23:23.500Z] : [success]: Robot saved successfully

[2023-11-10T20:23:30.531Z] : [success]: Bot started

[2023-11-10T20:23:30.532Z] : [info]: Robot start

[2023-11-10T20:23:45.694Z] : [info]: R6LM5Z

[2023-11-10T20:23:46.153Z] : [success]: Bot finished successfully, total execution time: 15s 619ms

[2023-11-10T20:23:46.154Z] : [info]: ---------------------------------------------

[2023-11-10T20:27:47.688Z] : [warn]: There is a small amount of free memory (RAM) left, 93.94% of RAM is being used (7461 MBs). The performance of Studio Pro and bots during execution may be unstable. Close applications that are not being used, increase the memory, or optimize the workflow.

[2023-11-10T20:32:17.648Z] : [warn]: There is a small amount of free memory (RAM) left, 90.57% of RAM is being used (7193 MBs). The performance of Studio Pro and bots during execution may be unstable. Close applications that are not being used, increase the memory, or optimize the workflow.

