[2023-11-13T02:41:46.156Z] : [warn]: You opened a file that contained UI elements to interact with. But Studio Pro can't find the elements. This happens because the .neek file can't find the .elm file associated with the workflow. Please, put the .elm file to the corresponding elements folder in the same folder where the workflow is placed or select the elements manually again. Reopen the workflow


  ==========================================
  Studio Pro version: 9.6.8
  Started at: 11/12/2023, 8:41:46 PM
  ==========================================
  

[2023-11-13T02:41:52.578Z] : [success]: Robot saved successfully

[2023-11-13T02:41:52.881Z] : [info]: ---------------------------------------------

[2023-11-13T02:41:52.882Z] : [success]: Bot started

[2023-11-13T02:41:52.882Z] : [info]: Robot start

[2023-11-13T02:42:17.170Z] : [warn]: There is a small amount of free memory (RAM) left, 90.64% of RAM is being used (7199 MBs). The performance of Studio Pro and bots during execution may be unstable. Close applications that are not being used, increase the memory, or optimize the workflow.

[2023-11-13T02:42:47.303Z] : [success]: Bot finished successfully, total execution time: 54s 417ms

[2023-11-13T02:42:47.305Z] : [info]: ---------------------------------------------

[2023-11-13T02:51:31.932Z] : [success]: Robot saved successfully

[2023-11-13T02:51:40.119Z] : [success]: Bot started

[2023-11-13T02:51:40.120Z] : [info]: Robot start

[2023-11-13T02:51:48.616Z] : [error]: Selectors: Nothing found

[2023-11-13T02:51:48.976Z] : [info]: Total execution time: 8s 495ms

[2023-11-13T02:51:48.978Z] : [info]: ---------------------------------------------

[2023-11-13T02:53:17.153Z] : [warn]: There is a small amount of free memory (RAM) left, 92.09% of RAM is being used (7314 MBs). The performance of Studio Pro and bots during execution may be unstable. Close applications that are not being used, increase the memory, or optimize the workflow.

[2023-11-13T02:54:22.454Z] : [success]: Bot started

[2023-11-13T02:54:22.455Z] : [info]: Robot start

[2023-11-13T02:54:30.698Z] : [error]: Selectors: Nothing found

[2023-11-13T02:54:31.032Z] : [info]: Total execution time: 8s 241ms

[2023-11-13T02:54:31.033Z] : [info]: ---------------------------------------------

[2023-11-13T02:54:55.118Z] : [success]: Bot started

[2023-11-13T02:54:55.119Z] : [info]: Robot start

[2023-11-13T02:56:32.246Z] : [success]: Robot saved successfully

[2023-11-13T02:56:32.299Z] : [success]: Robot saved successfully

[2023-11-13T02:56:33.177Z] : [info]: ---------------------------------------------

[2023-11-13T02:56:33.178Z] : [success]: Bot started

[2023-11-13T02:56:33.178Z] : [info]: Robot start

[2023-11-13T02:57:25.749Z] : [error]: Selectors: Nothing found

[2023-11-13T02:57:26.139Z] : [info]: Total execution time: 52s 570ms

[2023-11-13T02:57:26.140Z] : [info]: ---------------------------------------------

[2023-11-13T02:58:20.630Z] : [success]: Robot saved successfully

[2023-11-13T02:58:35.130Z] : [success]: Bot started

[2023-11-13T02:58:35.131Z] : [info]: Robot start

[2023-11-13T02:58:49.210Z] : [error]: Selectors: Nothing found

[2023-11-13T02:58:49.664Z] : [info]: Total execution time: 14s 77ms

[2023-11-13T02:58:49.665Z] : [info]: ---------------------------------------------

[2023-11-13T02:59:24.717Z] : [success]: Bot started

[2023-11-13T02:59:24.718Z] : [info]: Robot start

[2023-11-13T03:00:19.781Z] : [error]: Selectors: Nothing found

[2023-11-13T03:00:20.197Z] : [info]: Total execution time: 55s 63ms

[2023-11-13T03:00:20.198Z] : [info]: ---------------------------------------------

[2023-11-13T03:00:55.647Z] : [success]: Robot saved successfully

[2023-11-13T03:01:21.401Z] : [success]: Bot started

[2023-11-13T03:01:21.402Z] : [info]: Robot start

[2023-11-13T03:02:13.048Z] : [error]: Selectors: Nothing found

[2023-11-13T03:02:13.524Z] : [info]: Total execution time: 51s 645ms

[2023-11-13T03:02:13.525Z] : [info]: ---------------------------------------------

[2023-11-13T03:03:34.498Z] : [success]: Robot saved successfully

[2023-11-13T03:06:01.275Z] : [success]: Bot started

[2023-11-13T03:06:01.277Z] : [info]: Robot start

[2023-11-13T03:06:20.266Z] : [error]: Selectors: Nothing found

[2023-11-13T03:06:20.812Z] : [info]: Total execution time: 18s 988ms

[2023-11-13T03:06:20.813Z] : [info]: ---------------------------------------------

[2023-11-13T03:06:44.113Z] : [info]: Internet connection // error

[2023-11-13T03:06:44.236Z] : [success]: Bot started

[2023-11-13T03:06:44.238Z] : [info]: Robot start

[2023-11-13T03:07:40.998Z] : [error]: Selectors: Nothing found

[2023-11-13T03:07:41.389Z] : [info]: Total execution time: 56s 760ms

[2023-11-13T03:07:41.389Z] : [info]: ---------------------------------------------

[2023-11-13T03:23:26.053Z] : [success]: Robot saved successfully

[2023-11-13T03:24:17.163Z] : [warn]: There is a small amount of free memory (RAM) left, 90.29% of RAM is being used (7171 MBs). The performance of Studio Pro and bots during execution may be unstable. Close applications that are not being used, increase the memory, or optimize the workflow.

[2023-11-13T03:27:47.146Z] : [warn]: There is a small amount of free memory (RAM) left, 90.29% of RAM is being used (7171 MBs). The performance of Studio Pro and bots during execution may be unstable. Close applications that are not being used, increase the memory, or optimize the workflow.

[2023-11-13T03:28:50.326Z] : [success]: Robot saved successfully

[2023-11-13T03:29:17.163Z] : [warn]: There is a small amount of free memory (RAM) left, 90.02% of RAM is being used (7149 MBs). The performance of Studio Pro and bots during execution may be unstable. Close applications that are not being used, increase the memory, or optimize the workflow.

[2023-11-13T03:29:55.698Z] : [success]: Robot saved successfully

[2023-11-13T03:30:13.409Z] : [success]: Robot saved successfully

[2023-11-13T03:30:18.508Z] : [warn]: There is a small amount of free memory (RAM) left, 91.98% of RAM is being used (7305 MBs). The performance of Studio Pro and bots during execution may be unstable. Close applications that are not being used, increase the memory, or optimize the workflow.

[2023-11-13T03:30:42.849Z] : [success]: Connection to our licenses server is restored

[2023-11-13T03:30:43.200Z] : [success]: Bot started

[2023-11-13T03:30:43.201Z] : [info]: Robot start

[2023-11-13T03:31:29.489Z] : [success]: Bot finished successfully, total execution time: 46s 285ms

[2023-11-13T03:31:29.490Z] : [info]: ---------------------------------------------

[2023-11-13T03:31:54.995Z] : [success]: Bot started

[2023-11-13T03:31:54.996Z] : [info]: Robot start

[2023-11-13T03:33:13.662Z] : [success]: Bot finished successfully, total execution time: 1m 18s 664ms

[2023-11-13T03:33:13.663Z] : [info]: ---------------------------------------------

[2023-11-13T03:33:15.377Z] : [success]: Robot saved successfully

[2023-11-13T03:33:38.840Z] : [success]: Bot started

[2023-11-13T03:33:38.841Z] : [info]: Robot start

[2023-11-13T03:34:19.972Z] : [success]: Bot started

[2023-11-13T03:34:19.973Z] : [info]: Robot start

[2023-11-13T03:35:27.608Z] : [success]: Bot finished successfully, total execution time: 1m 7s 629ms

[2023-11-13T03:35:27.610Z] : [info]: ---------------------------------------------

[2023-11-13T03:37:35.450Z] : [success]: Robot saved successfully

[2023-11-13T03:37:45.744Z] : [success]: Bot started

[2023-11-13T03:37:45.745Z] : [info]: Robot start

[2023-11-13T03:38:17.198Z] : [warn]: There is a small amount of free memory (RAM) left, 92.03% of RAM is being used (7309 MBs). The performance of Studio Pro and bots during execution may be unstable. Close applications that are not being used, increase the memory, or optimize the workflow.

[2023-11-13T03:38:45.471Z] : [success]: Bot finished successfully, total execution time: 59s 723ms

[2023-11-13T03:38:45.472Z] : [info]: ---------------------------------------------

[2023-11-13T03:39:17.227Z] : [warn]: There is a small amount of free memory (RAM) left, 90.83% of RAM is being used (7214 MBs). The performance of Studio Pro and bots during execution may be unstable. Close applications that are not being used, increase the memory, or optimize the workflow.

[2023-11-13T03:39:20.479Z] : [success]: Robot saved successfully

[2023-11-13T03:39:46.306Z] : [success]: Bot started

[2023-11-13T03:39:46.307Z] : [info]: Robot start

[2023-11-13T03:40:17.185Z] : [warn]: There is a small amount of free memory (RAM) left, 90.36% of RAM is being used (7176 MBs). The performance of Studio Pro and bots during execution may be unstable. Close applications that are not being used, increase the memory, or optimize the workflow.

[2023-11-13T03:40:51.112Z] : [success]: Bot finished successfully, total execution time: 1m 4s 802ms

[2023-11-13T03:40:51.113Z] : [info]: ---------------------------------------------

[2023-11-13T03:41:22.194Z] : [success]: Robot saved successfully

[2023-11-13T03:41:42.640Z] : [success]: Robot saved successfully

[2023-11-13T03:42:02.469Z] : [info]: ---------------------------------------------

[2023-11-13T03:42:02.470Z] : [success]: Bot started

[2023-11-13T03:42:02.470Z] : [info]: Robot start

[2023-11-13T03:43:32.036Z] : [success]: Bot finished successfully, total execution time: 1m 29s 564ms

[2023-11-13T03:43:32.038Z] : [info]: ---------------------------------------------

[2023-11-13T03:43:44.009Z] : [success]: Robot saved successfully

[2023-11-13T03:44:15.192Z] : [success]: Robot saved successfully

[2023-11-13T03:44:36.248Z] : [success]: Bot started

[2023-11-13T03:44:36.249Z] : [info]: Robot start

[2023-11-13T03:45:55.775Z] : [success]: Bot finished successfully, total execution time: 1m 19s 524ms

[2023-11-13T03:45:55.776Z] : [info]: ---------------------------------------------

[2023-11-13T03:46:02.193Z] : [success]: Robot saved successfully

[2023-11-13T03:46:13.404Z] : [success]: Bot started

[2023-11-13T03:46:13.405Z] : [info]: Robot start

[2023-11-13T03:47:20.437Z] : [success]: Bot finished successfully, total execution time: 1m 7s 30ms

[2023-11-13T03:47:20.438Z] : [info]: ---------------------------------------------

[2023-11-13T03:47:23.077Z] : [success]: Robot saved successfully

[2023-11-13T03:47:46.800Z] : [success]: Bot started

[2023-11-13T03:47:46.801Z] : [info]: Robot start

[2023-11-13T03:48:48.103Z] : [error]: Selectors: Nothing found

[2023-11-13T03:48:48.696Z] : [info]: Total execution time: 1m 1s 300ms

[2023-11-13T03:48:48.697Z] : [info]: ---------------------------------------------

[2023-11-13T03:49:13.640Z] : [success]: Robot saved successfully

[2023-11-13T03:50:09.426Z] : [info]: Internet connection // error

[2023-11-13T03:50:09.593Z] : [success]: Bot started

[2023-11-13T03:50:09.594Z] : [info]: Robot start

[2023-11-13T03:50:44.116Z] : [error]: Script stopped.

[2023-11-13T03:50:44.592Z] : [info]: Total execution time: 34s 521ms

[2023-11-13T03:50:44.593Z] : [info]: ---------------------------------------------

[2023-11-13T03:51:08.888Z] : [success]: Connection to our licenses server is restored

[2023-11-13T03:51:09.048Z] : [success]: Bot started

[2023-11-13T03:51:09.049Z] : [info]: Robot start

[2023-11-13T03:52:14.083Z] : [error]: Selectors: Nothing found

[2023-11-13T03:52:14.855Z] : [info]: Total execution time: 1m 5s 33ms

[2023-11-13T03:52:14.856Z] : [info]: ---------------------------------------------

[2023-11-13T03:52:57.990Z] : [success]: Robot saved successfully

[2023-11-13T03:52:58.565Z] : [success]: Bot started

[2023-11-13T03:52:58.566Z] : [info]: Robot start

[2023-11-13T03:53:04.510Z] : [error]: Selectors: Nothing found

[2023-11-13T03:53:04.919Z] : [info]: Total execution time: 5s 943ms

[2023-11-13T03:53:04.920Z] : [info]: ---------------------------------------------

[2023-11-13T03:53:39.933Z] : [success]: Robot saved successfully

[2023-11-13T03:53:40.390Z] : [success]: Bot started

[2023-11-13T03:53:40.390Z] : [info]: Robot start

[2023-11-13T03:53:46.450Z] : [success]: Bot finished successfully, total execution time: 6s 58ms

[2023-11-13T03:53:46.451Z] : [info]: ---------------------------------------------

[2023-11-13T03:54:12.150Z] : [success]: Robot saved successfully

[2023-11-13T03:54:22.203Z] : [success]: Bot started

[2023-11-13T03:54:22.204Z] : [info]: Robot start

[2023-11-13T03:54:24.402Z] : [success]: Bot finished successfully, total execution time: 2s 195ms

[2023-11-13T03:54:24.402Z] : [info]: ---------------------------------------------

[2023-11-13T03:57:10.630Z] : [success]: Robot saved successfully

[2023-11-13T03:57:11.211Z] : [success]: Bot started

[2023-11-13T03:57:11.212Z] : [info]: Robot start

[2023-11-13T03:57:17.150Z] : [warn]: There is a small amount of free memory (RAM) left, 90.14% of RAM is being used (7159 MBs). The performance of Studio Pro and bots during execution may be unstable. Close applications that are not being used, increase the memory, or optimize the workflow.

[2023-11-13T03:57:34.398Z] : [success]: Bot finished successfully, total execution time: 23s 184ms

[2023-11-13T03:57:34.399Z] : [info]: ---------------------------------------------

[2023-11-13T03:57:55.191Z] : [info]: ---------------------------------------------

[2023-11-13T03:57:55.191Z] : [success]: Bot started

[2023-11-13T03:57:55.192Z] : [info]: Robot start

[2023-11-13T03:58:00.687Z] : [success]: Bot finished successfully, total execution time: 5s 493ms

[2023-11-13T03:58:00.688Z] : [info]: ---------------------------------------------

[2023-11-13T03:59:44.080Z] : [success]: Robot saved successfully

[2023-11-13T03:59:54.036Z] : [success]: Bot started

[2023-11-13T03:59:54.036Z] : [info]: Robot start

[2023-11-13T03:59:59.261Z] : [success]: Bot finished successfully, total execution time: 5s 222ms

[2023-11-13T03:59:59.262Z] : [info]: ---------------------------------------------

[2023-11-13T04:00:11.880Z] : [success]: Robot saved successfully

[2023-11-13T04:00:32.942Z] : [success]: Robot saved successfully

[2023-11-13T04:00:42.078Z] : [success]: Bot started

[2023-11-13T04:00:42.080Z] : [info]: Robot start

[2023-11-13T04:00:46.751Z] : [error]: Selectors: Nothing found

[2023-11-13T04:00:47.666Z] : [info]: Total execution time: 4s 670ms

[2023-11-13T04:00:47.667Z] : [info]: ---------------------------------------------

[2023-11-13T04:00:57.157Z] : [success]: Bot started

[2023-11-13T04:00:57.160Z] : [info]: Robot start

[2023-11-13T04:02:05.379Z] : [success]: Bot finished successfully, total execution time: 1m 8s 216ms

[2023-11-13T04:02:05.380Z] : [info]: ---------------------------------------------

[2023-11-13T04:27:37.346Z] : [success]: Robot saved successfully

[2023-11-13T04:27:37.458Z] : [success]: Robot saved successfully

[2023-11-13T04:27:38.313Z] : [success]: Bot started

[2023-11-13T04:27:38.314Z] : [info]: Robot start

[2023-11-13T04:27:47.131Z] : [warn]: There is a small amount of free memory (RAM) left, 92.46% of RAM is being used (7343 MBs). The performance of Studio Pro and bots during execution may be unstable. Close applications that are not being used, increase the memory, or optimize the workflow.

[2023-11-13T04:28:01.341Z] : [success]: Bot finished successfully, total execution time: 23s 24ms

[2023-11-13T04:28:01.343Z] : [info]: ---------------------------------------------

[2023-11-13T04:28:43.472Z] : [success]: Robot saved successfully

[2023-11-13T04:28:44.003Z] : [success]: Bot started

[2023-11-13T04:28:44.004Z] : [info]: Robot start

[2023-11-13T04:29:17.181Z] : [warn]: There is a small amount of free memory (RAM) left, 91.49% of RAM is being used (7266 MBs). The performance of Studio Pro and bots during execution may be unstable. Close applications that are not being used, increase the memory, or optimize the workflow.

[2023-11-13T04:29:33.305Z] : [error]: Selectors: Nothing found

[2023-11-13T04:29:33.874Z] : [info]: Total execution time: 49s 300ms

[2023-11-13T04:29:33.875Z] : [info]: ---------------------------------------------

[2023-11-13T04:29:54.659Z] : [success]: Bot started

[2023-11-13T04:29:54.661Z] : [info]: Robot start

[2023-11-13T04:31:12.442Z] : [error]: No elements were found according to your selection. It may happen because of a wrong selector or because the element takes more time to appear on the screen. Try modifying the selector or increasing the element timeout and run the bot again

[2023-11-13T04:31:12.940Z] : [info]: Total execution time: 1m 17s 780ms

[2023-11-13T04:31:12.941Z] : [info]: ---------------------------------------------

[2023-11-13T04:34:21.312Z] : [success]: Robot saved successfully

[2023-11-13T04:34:21.370Z] : [success]: Robot saved successfully

[2023-11-13T04:34:22.270Z] : [success]: Bot started

[2023-11-13T04:34:22.271Z] : [info]: Robot start

[2023-11-13T04:34:47.156Z] : [warn]: There is a small amount of free memory (RAM) left, 91.87% of RAM is being used (7296 MBs). The performance of Studio Pro and bots during execution may be unstable. Close applications that are not being used, increase the memory, or optimize the workflow.

[2023-11-13T04:35:05.468Z] : [error]: Script stopped.

[2023-11-13T04:35:05.962Z] : [info]: Total execution time: 43s 196ms

[2023-11-13T04:35:05.964Z] : [info]: ---------------------------------------------

[2023-11-13T04:35:22.705Z] : [success]: Bot started

[2023-11-13T04:35:22.706Z] : [info]: Robot start

[2023-11-13T04:36:46.711Z] : [error]: Selectors: Could not activate window


[2023-11-13T04:36:47.284Z] : [info]: Total execution time: 1m 24s 4ms

[2023-11-13T04:36:47.285Z] : [info]: ---------------------------------------------

[2023-11-13T04:37:17.174Z] : [warn]: There is a small amount of free memory (RAM) left, 90.53% of RAM is being used (7190 MBs). The performance of Studio Pro and bots during execution may be unstable. Close applications that are not being used, increase the memory, or optimize the workflow.

[2023-11-13T04:37:27.024Z] : [success]: Robot saved successfully

[2023-11-13T04:37:52.754Z] : [success]: Robot saved successfully

[2023-11-13T04:37:53.279Z] : [success]: Bot started

[2023-11-13T04:37:53.280Z] : [info]: Robot start

[2023-11-13T04:38:17.190Z] : [warn]: There is a small amount of free memory (RAM) left, 94.64% of RAM is being used (7516 MBs). The performance of Studio Pro and bots during execution may be unstable. Close applications that are not being used, increase the memory, or optimize the workflow.

[2023-11-13T04:38:22.647Z] : [error]: Selectors: Could not activate window


[2023-11-13T04:38:23.097Z] : [info]: Total execution time: 29s 365ms

[2023-11-13T04:38:23.098Z] : [info]: ---------------------------------------------

[2023-11-13T04:39:50.233Z] : [success]: Robot saved successfully

[2023-11-13T04:39:50.291Z] : [success]: Robot saved successfully

[2023-11-13T04:39:51.776Z] : [success]: Bot started

[2023-11-13T04:39:51.777Z] : [info]: Robot start

[2023-11-13T04:40:10.609Z] : [error]: Selectors: Nothing found

[2023-11-13T04:40:11.538Z] : [info]: Total execution time: 18s 831ms

[2023-11-13T04:40:11.539Z] : [info]: ---------------------------------------------

[2023-11-13T05:15:25.098Z] : [success]: Robot saved successfully

[2023-11-13T05:15:25.111Z] : [error]: Activity parameters required: Find IFrame

[2023-11-13T05:15:25.961Z] : [info]: ---------------------------------------------

[2023-11-13T05:15:39.039Z] : [success]: Robot saved successfully

[2023-11-13T05:15:39.499Z] : [success]: Bot started

[2023-11-13T05:15:39.501Z] : [info]: Robot start

[2023-11-13T05:15:58.632Z] : [error]: Script Stopped.

[2023-11-13T05:15:59.298Z] : [info]: Total execution time: 19s 129ms

[2023-11-13T05:15:59.299Z] : [info]: ---------------------------------------------

[2023-11-13T05:16:11.133Z] : [success]: Bot started

[2023-11-13T05:16:11.135Z] : [info]: Robot start

[2023-11-13T05:16:13.267Z] : [error]: Please verify the tab value you provided in the Parameters section exists. Before rerunning the bot, ensure the tab exists when the desired step is about to be executed and confirm it was not previously closed by either any misconfiguration in the workflow or manual action.

[2023-11-13T05:16:13.693Z] : [info]: Total execution time: 2s 132ms

[2023-11-13T05:16:13.694Z] : [info]: ---------------------------------------------

[2023-11-13T05:16:24.345Z] : [success]: Bot started

[2023-11-13T05:16:24.345Z] : [info]: Robot start

[2023-11-13T05:16:28.509Z] : [error]: Selectors: Nothing found

[2023-11-13T05:16:29.093Z] : [info]: Total execution time: 4s 164ms

[2023-11-13T05:16:29.094Z] : [info]: ---------------------------------------------

[2023-11-13T05:16:39.665Z] : [info]: Internet connection // error

[2023-11-13T05:16:39.848Z] : [success]: Bot started

[2023-11-13T05:16:39.849Z] : [info]: Robot start

[2023-11-13T05:16:44.003Z] : [error]: Selectors: Nothing found

[2023-11-13T05:16:44.507Z] : [info]: Total execution time: 4s 154ms

[2023-11-13T05:16:44.507Z] : [info]: ---------------------------------------------

[2023-11-13T05:16:51.113Z] : [success]: Connection to our licenses server is restored

[2023-11-13T05:16:51.301Z] : [success]: Bot started

[2023-11-13T05:16:51.302Z] : [info]: Robot start

[2023-11-13T05:16:59.514Z] : [error]: Selectors: Nothing found

[2023-11-13T05:16:59.981Z] : [info]: Total execution time: 8s 212ms

[2023-11-13T05:16:59.981Z] : [info]: ---------------------------------------------

[2023-11-13T05:17:11.093Z] : [success]: Bot started

[2023-11-13T05:17:11.095Z] : [info]: Robot start

[2023-11-13T05:17:19.378Z] : [error]: Selectors: Nothing found

[2023-11-13T05:17:19.796Z] : [info]: Total execution time: 8s 283ms

[2023-11-13T05:17:19.797Z] : [info]: ---------------------------------------------

[2023-11-13T05:17:39.578Z] : [success]: Robot saved successfully

[2023-11-13T05:17:55.405Z] : [success]: Bot started

[2023-11-13T05:17:55.406Z] : [info]: Robot start

[2023-11-13T05:19:03.023Z] : [success]: Bot finished successfully, total execution time: 1m 7s 614ms

[2023-11-13T05:19:03.025Z] : [info]: ---------------------------------------------

[2023-11-13T05:19:22.728Z] : [success]: Bot started

[2023-11-13T05:19:22.729Z] : [info]: Robot start

[2023-11-13T05:20:44.083Z] : [success]: Bot finished successfully, total execution time: 1m 21s 351ms

[2023-11-13T05:20:44.084Z] : [info]: ---------------------------------------------

[2023-11-13T05:23:40.280Z] : [success]: Robot saved successfully

[2023-11-13T05:23:40.342Z] : [success]: Robot saved successfully

[2023-11-13T05:23:41.263Z] : [success]: Bot started

[2023-11-13T05:23:41.264Z] : [info]: Robot start

[2023-11-13T05:26:02.424Z] : [error]: Script Stopped.

[2023-11-13T05:26:02.672Z] : [info]: ---------------------------------------------

[2023-11-13T05:26:57.134Z] : [success]: Robot saved successfully

[2023-11-13T05:27:39.560Z] : [success]: Bot started

[2023-11-13T05:27:39.561Z] : [info]: Robot start

[2023-11-13T05:27:47.149Z] : [warn]: There is a small amount of free memory (RAM) left, 90.63% of RAM is being used (7198 MBs). The performance of Studio Pro and bots during execution may be unstable. Close applications that are not being used, increase the memory, or optimize the workflow.

[2023-11-13T05:27:49.169Z] : [success]: Bot finished successfully, total execution time: 9s 606ms

[2023-11-13T05:27:49.170Z] : [info]: ---------------------------------------------

[2023-11-13T05:28:25.350Z] : [success]: Robot saved successfully

[2023-11-13T05:28:40.326Z] : [success]: Bot started

[2023-11-13T05:28:40.326Z] : [info]: Robot start

[2023-11-13T05:28:52.231Z] : [success]: Bot finished successfully, total execution time: 11s 902ms

[2023-11-13T05:28:52.232Z] : [info]: ---------------------------------------------

[2023-11-13T05:29:47.665Z] : [success]: Bot started

[2023-11-13T05:29:47.666Z] : [info]: Robot start

[2023-11-13T05:29:58.940Z] : [success]: Bot finished successfully, total execution time: 11s 270ms

[2023-11-13T05:29:58.942Z] : [info]: ---------------------------------------------

[2023-11-13T05:30:32.151Z] : [success]: Robot saved successfully

[2023-11-13T05:30:48.415Z] : [success]: Bot started

[2023-11-13T05:30:48.416Z] : [info]: Robot start

[2023-11-13T05:30:59.977Z] : [success]: Bot finished successfully, total execution time: 11s 558ms

[2023-11-13T05:30:59.977Z] : [info]: ---------------------------------------------

[2023-11-13T05:31:47.147Z] : [warn]: There is a small amount of free memory (RAM) left, 91.63% of RAM is being used (7277 MBs). The performance of Studio Pro and bots during execution may be unstable. Close applications that are not being used, increase the memory, or optimize the workflow.

[2023-11-13T05:32:17.449Z] : [success]: Robot saved successfully

[2023-11-13T05:32:17.517Z] : [success]: Robot saved successfully

[2023-11-13T05:32:18.448Z] : [success]: Bot started

[2023-11-13T05:32:18.450Z] : [info]: Robot start

[2023-11-13T05:32:54.810Z] : [success]: Bot finished successfully, total execution time: 36s 358ms

[2023-11-13T05:32:54.811Z] : [info]: ---------------------------------------------

[2023-11-13T05:34:15.938Z] : [success]: Robot saved successfully

[2023-11-13T05:34:16.450Z] : [success]: Bot started

[2023-11-13T05:34:16.451Z] : [info]: Robot start

[2023-11-13T05:34:45.857Z] : [success]: Bot finished successfully, total execution time: 29s 403ms

[2023-11-13T05:34:45.858Z] : [info]: ---------------------------------------------

[2023-11-13T05:36:08.264Z] : [success]: Robot saved successfully

[2023-11-13T05:36:51.992Z] : [success]: Robot saved successfully

[2023-11-13T05:37:08.611Z] : [info]: ---------------------------------------------

[2023-11-13T05:37:08.612Z] : [success]: Bot started

[2023-11-13T05:37:08.612Z] : [info]: Robot start

[2023-11-13T05:37:26.354Z] : [success]: Bot finished successfully, total execution time: 17s 739ms

[2023-11-13T05:37:26.356Z] : [info]: ---------------------------------------------

[2023-11-13T05:41:33.169Z] : [success]: Robot saved successfully

[2023-11-13T05:43:22.008Z] : [success]: Robot saved successfully

[2023-11-13T05:43:53.516Z] : [success]: Bot started

[2023-11-13T05:43:53.517Z] : [info]: Robot start

[2023-11-13T05:44:45.744Z] : [success]: Robot saved successfully

[2023-11-13T05:45:04.796Z] : [success]: Bot started

[2023-11-13T05:45:04.797Z] : [info]: Robot start

[2023-11-13T05:47:42.715Z] : [success]: Robot saved successfully

[2023-11-13T05:47:42.769Z] : [success]: Robot saved successfully

[2023-11-13T05:47:43.749Z] : [success]: Bot started

[2023-11-13T05:47:43.750Z] : [info]: Robot start

[2023-11-13T05:48:17.187Z] : [warn]: There is a small amount of free memory (RAM) left, 91.44% of RAM is being used (7262 MBs). The performance of Studio Pro and bots during execution may be unstable. Close applications that are not being used, increase the memory, or optimize the workflow.

[2023-11-13T05:49:34.095Z] : [success]: Bot finished successfully, total execution time: 1m 50s 340ms

[2023-11-13T05:49:34.098Z] : [info]: ---------------------------------------------

[2023-11-13T06:01:20.065Z] : [success]: Robot saved successfully

[2023-11-13T06:02:07.695Z] : [success]: Robot saved successfully

[2023-11-13T06:03:39.104Z] : [success]: Robot saved successfully

[2023-11-13T06:03:39.163Z] : [success]: Robot saved successfully

[2023-11-13T06:03:39.773Z] : [success]: Bot started

[2023-11-13T06:03:39.774Z] : [info]: Robot start

[2023-11-13T06:03:47.133Z] : [warn]: There is a small amount of free memory (RAM) left, 95.69% of RAM is being used (7600 MBs). The performance of Studio Pro and bots during execution may be unstable. Close applications that are not being used, increase the memory, or optimize the workflow.

[2023-11-13T06:05:32.123Z] : [success]: Bot finished successfully, total execution time: 1m 52s 345ms

[2023-11-13T06:05:32.126Z] : [info]: ---------------------------------------------

[2023-11-13T06:06:16.525Z] : [success]: Bot started

[2023-11-13T06:06:16.527Z] : [info]: Robot start

[2023-11-13T06:08:02.112Z] : [error]: Path 'C:\Users\braya\Documents\ElectroNeek Workspace\sat_bot\constancia\contancia-COJX630213MG0.pdf' does not exist

[2023-11-13T06:08:03.288Z] : [info]: Total execution time: 1m 45s 581ms

[2023-11-13T06:08:03.289Z] : [info]: ---------------------------------------------

[2023-11-13T06:09:25.504Z] : [success]: Robot saved successfully

[2023-11-13T06:09:25.936Z] : [success]: Bot started

[2023-11-13T06:09:25.937Z] : [info]: Robot start

[2023-11-13T06:10:39.499Z] : [success]: Robot saved successfully

[2023-11-13T06:10:39.575Z] : [success]: Robot saved successfully

[2023-11-13T06:10:40.289Z] : [success]: Bot started

[2023-11-13T06:10:40.289Z] : [info]: Robot start

[2023-11-13T06:10:47.724Z] : [info]: rfc is not defined

[2023-11-13T06:10:48.540Z] : [success]: Bot finished successfully, total execution time: 8s 249ms

[2023-11-13T06:10:48.541Z] : [info]: ---------------------------------------------

[2023-11-13T06:11:26.469Z] : [success]: Robot saved successfully

[2023-11-13T06:11:27.087Z] : [success]: Bot started

[2023-11-13T06:11:27.088Z] : [info]: Robot start

[2023-11-13T06:11:37.204Z] : [error]: Selectors: Nothing found

[2023-11-13T06:11:38.034Z] : [info]: Total execution time: 10s 116ms

[2023-11-13T06:11:38.036Z] : [info]: ---------------------------------------------

[2023-11-13T06:11:45.898Z] : [success]: Bot started

[2023-11-13T06:11:45.899Z] : [info]: Robot start

[2023-11-13T06:12:17.658Z] : [error]: The extraction start point has not been found. Make sure the specified text in the "After" parameter actually exists in the input string

[2023-11-13T06:12:18.243Z] : [info]: Total execution time: 31s 759ms

[2023-11-13T06:12:18.244Z] : [info]: ---------------------------------------------

[2023-11-13T06:12:41.510Z] : [info]: Internet connection // error

[2023-11-13T06:12:41.695Z] : [success]: Bot started

[2023-11-13T06:12:41.696Z] : [info]: Robot start

[2023-11-13T06:13:13.259Z] : [error]: The extraction start point has not been found. Make sure the specified text in the "After" parameter actually exists in the input string

[2023-11-13T06:13:13.775Z] : [info]: Total execution time: 31s 563ms

[2023-11-13T06:13:13.775Z] : [info]: ---------------------------------------------

[2023-11-13T06:13:41.502Z] : [success]: Connection to our licenses server is restored

[2023-11-13T06:13:41.751Z] : [success]: Bot started

[2023-11-13T06:13:41.752Z] : [info]: Robot start

[2023-11-13T06:14:13.363Z] : [error]: The extraction start point has not been found. Make sure the specified text in the "After" parameter actually exists in the input string

[2023-11-13T06:14:14.069Z] : [info]: Total execution time: 31s 611ms

[2023-11-13T06:14:14.070Z] : [info]: ---------------------------------------------

[2023-11-13T06:15:02.056Z] : [success]: Robot saved successfully

[2023-11-13T06:15:11.256Z] : [success]: Bot started

[2023-11-13T06:15:11.257Z] : [info]: Robot start

[2023-11-13T06:16:49.218Z] : [info]: Path 'C:\Users\braya\Documents\ElectroNeek Workspace\sat_bot\constancia\constancia-COJX630213MG0.pdf' does not exist

[2023-11-13T06:16:49.891Z] : [success]: Bot finished successfully, total execution time: 1m 38s 629ms

[2023-11-13T06:16:49.893Z] : [info]: ---------------------------------------------

[2023-11-13T06:19:16.249Z] : [success]: Robot saved successfully

[2023-11-13T06:19:16.703Z] : [success]: Bot started

[2023-11-13T06:19:16.703Z] : [info]: Robot start

[2023-11-13T06:19:35.885Z] : [success]: Bot finished successfully, total execution time: 19s 179ms

[2023-11-13T06:19:35.886Z] : [info]: ---------------------------------------------

[2023-11-13T06:21:19.554Z] : [success]: Robot saved successfully

[2023-11-13T06:21:46.693Z] : [success]: Robot saved successfully

[2023-11-13T06:22:31.011Z] : [success]: Bot started

[2023-11-13T06:22:31.012Z] : [info]: Robot start

[2023-11-13T06:23:02.607Z] : [error]: The extraction start point has not been found. Make sure the specified text in the "After" parameter actually exists in the input string

[2023-11-13T06:23:03.234Z] : [info]: Total execution time: 31s 595ms

[2023-11-13T06:23:03.235Z] : [info]: ---------------------------------------------

[2023-11-13T06:23:59.706Z] : [success]: Bot started

[2023-11-13T06:23:59.707Z] : [info]: Robot start

[2023-11-13T06:25:27.260Z] : [success]: Bot finished successfully, total execution time: 1m 27s 549ms

[2023-11-13T06:25:27.261Z] : [info]: ---------------------------------------------

[2023-11-13T06:26:07.214Z] : [success]: Bot started

[2023-11-13T06:26:07.215Z] : [info]: Robot start

[2023-11-13T06:27:42.891Z] : [info]: Path 'C:\Users\braya\Documents\ElectroNeek Workspace\sat_bot\constancia\constancia-COJX630213MG0.pdf' does not exist

[2023-11-13T06:27:43.871Z] : [success]: Bot finished successfully, total execution time: 1m 36s 652ms

[2023-11-13T06:27:43.872Z] : [info]: ---------------------------------------------

[2023-11-13T06:29:30.134Z] : [success]: Robot saved successfully

[2023-11-13T06:30:07.923Z] : [info]: ---------------------------------------------

[2023-11-13T06:30:07.924Z] : [success]: Bot started

[2023-11-13T06:30:07.925Z] : [info]: Robot start

[2023-11-13T06:30:41.570Z] : [error]: The extraction start point has not been found. Make sure the specified text in the "After" parameter actually exists in the input string

[2023-11-13T06:30:42.153Z] : [info]: Total execution time: 33s 644ms

[2023-11-13T06:30:42.153Z] : [info]: ---------------------------------------------

[2023-11-13T06:31:25.629Z] : [info]: ---------------------------------------------

[2023-11-13T06:31:25.630Z] : [success]: Bot started

[2023-11-13T06:31:25.631Z] : [info]: Robot start

[2023-11-13T06:33:56.824Z] : [success]: Bot finished successfully, total execution time: 2m 31s 186ms

[2023-11-13T06:33:56.826Z] : [info]: ---------------------------------------------

[2023-11-13T06:34:15.894Z] : [success]: Robot saved successfully

