
  ==========================================
  Studio Pro version: 9.6.8
  Started at: 11/10/2023, 12:35:56 PM
  ==========================================
  

[2023-11-10T18:36:23.192Z] : [success]: Robot saved successfully

[2023-11-10T18:36:23.281Z] : [info]: ---------------------------------------------

[2023-11-10T18:36:23.282Z] : [success]: Bot started

[2023-11-10T18:36:23.282Z] : [info]: Robot start

[2023-11-10T18:36:27.826Z] : [success]: Bot finished successfully, total execution time: 4s 541ms

[2023-11-10T18:36:27.827Z] : [info]: ---------------------------------------------

[2023-11-10T18:36:47.669Z] : [warn]: There is a small amount of free memory (RAM) left, 91.92% of RAM is being used (7300 MBs). The performance of Studio Pro and bots during execution may be unstable. Close applications that are not being used, increase the memory, or optimize the workflow.

[2023-11-10T18:39:47.686Z] : [warn]: There is a small amount of free memory (RAM) left, 93.39% of RAM is being used (7417 MBs). The performance of Studio Pro and bots during execution may be unstable. Close applications that are not being used, increase the memory, or optimize the workflow.

[2023-11-10T18:42:47.690Z] : [warn]: There is a small amount of free memory (RAM) left, 91.99% of RAM is being used (7306 MBs). The performance of Studio Pro and bots during execution may be unstable. Close applications that are not being used, increase the memory, or optimize the workflow.

[2023-11-10T18:47:17.654Z] : [warn]: There is a small amount of free memory (RAM) left, 91.39% of RAM is being used (7258 MBs). The performance of Studio Pro and bots during execution may be unstable. Close applications that are not being used, increase the memory, or optimize the workflow.

[2023-11-10T18:48:17.640Z] : [warn]: There is a small amount of free memory (RAM) left, 92.37% of RAM is being used (7336 MBs). The performance of Studio Pro and bots during execution may be unstable. Close applications that are not being used, increase the memory, or optimize the workflow.

[2023-11-10T19:17:34.517Z] : [success]: Robot saved successfully

[2023-11-10T19:20:54.136Z] : [success]: Robot saved successfully

[2023-11-10T19:20:54.260Z] : [success]: Bot started

[2023-11-10T19:20:54.261Z] : [info]: Robot start

[2023-11-10T19:20:58.499Z] : [success]: Bot finished successfully, total execution time: 4s 236ms

[2023-11-10T19:20:58.501Z] : [info]: ---------------------------------------------

[2023-11-10T19:33:05.952Z] : [success]: Robot saved successfully

